Started HTTP and WebSocket JSON-RPC server at http://127.0.0.1:8545/

Accounts
========

WARNING: Funds sent on live network to accounts with publicly known private keys WILL BE LOST.

Account #0:  0xf39fd6e51aad88f6f4ce6ab8827279cfffb92266 (10000 ETH)
Private Key: 0xac0974bec39a17e36ba4a6b4d238ff944bacb478cbed5efcae784d7bf4f2ff80

Account #1:  0x70997970c51812dc3a010c7d01b50e0d17dc79c8 (10000 ETH)
Private Key: 0x59c6995e998f97a5a0044966f0945389dc9e86dae88c7a8412f4603b6b78690d

Account #2:  0x3c44cdddb6a900fa2b585dd299e03d12fa4293bc (10000 ETH)
Private Key: 0x5de4111afa1a4b94908f83103eb1f1706367c2e68ca870fc3fb9a804cdab365a

Account #3:  0x90f79bf6eb2c4f870365e785982e1f101e93b906 (10000 ETH)
Private Key: 0x7c852118294e51e653712a81e05800f419141751be58f605c371e15141b007a6

Account #4:  0x15d34aaf54267db7d7c367839aaf71a00a2c6a65 (10000 ETH)
Private Key: 0x47e179ec197488593b187f80a00eb0da91f1b9d0b13f8733639f19c30a34926a

Account #5:  0x9965507d1a55bcc2695c58ba16fb37d819b0a4dc (10000 ETH)
Private Key: 0x8b3a350cf5c34c9194ca85829a2df0ec3153be0318b5e2d3348e872092edffba

Account #6:  0x976ea74026e726554db657fa54763abd0c3a0aa9 (10000 ETH)
Private Key: 0x92db14e403b83dfe3df233f83dfa3a0d7096f21ca9b0d6d6b8d88b2b4ec1564e

Account #7:  0x14dc79964da2c08b23698b3d3cc7ca32193d9955 (10000 ETH)
Private Key: 0x4bbbf85ce3377467afe5d46f804f221813b2bb87f24d81f60f1fcdbf7cbf4356

Account #8:  0x23618e81e3f5cdf7f54c3d65f7fbc0abf5b21e8f (10000 ETH)
Private Key: 0xdbda1821b80551c9d65939329250298aa3472ba22feea921c0cf5d620ea67b97

Account #9:  0xa0ee7a142d267c1f36714e4a8f75612f20a79720 (10000 ETH)
Private Key: 0x2a871d0798f97d79848a013d4936a73bf4cc922c825d33c1cf7073dff6d409c6

Account #10: 0xbcd4042de499d14e55001ccbb24a551f3b954096 (10000 ETH)
Private Key: 0xf214f2b2cd398c806f84e317254e0f0b801d0643303237d97a22a48e01628897

Account #11: 0x71be63f3384f5fb98995898a86b02fb2426c5788 (10000 ETH)
Private Key: 0x701b615bbdfb9de65240bc28bd21bbc0d996645a3dd57e7b12bc2bdf6f192c82

Account #12: 0xfabb0ac9d68b0b445fb7357272ff202c5651694a (10000 ETH)
Private Key: 0xa267530f49f8280200edf313ee7af6b827f2a8bce2897751d06a843f644967b1

Account #13: 0x1cbd3b2770909d4e10f157cabc84c7264073c9ec (10000 ETH)
Private Key: 0x47c99abed3324a2707c28affff1267e45918ec8c3f20b8aa892e8b065d2942dd

Account #14: 0xdf3e18d64bc6a983f673ab319ccae4f1a57c7097 (10000 ETH)
Private Key: 0xc526ee95bf44d8fc405a158bb884d9d1238d99f0612e9f33d006bb0789009aaa

Account #15: 0xcd3b766ccdd6ae721141f452c550ca635964ce71 (10000 ETH)
Private Key: 0x8166f546bab6da521a8369cab06c5d2b9e46670292d85c875ee9ec20e84ffb61

Account #16: 0x2546bcd3c84621e976d8185a91a922ae77ecec30 (10000 ETH)
Private Key: 0xea6c44ac03bff858b476bba40716402b03e41b8e97e276d1baec7c37d42484a0

Account #17: 0xbda5747bfd65f08deb54cb465eb87d40e51b197e (10000 ETH)
Private Key: 0x689af8efa8c651a91ad287602527f3af2fe9f6501a7ac4b061667b5a93e037fd

Account #18: 0xdd2fd4581271e230360230f9337d5c0430bf44c0 (10000 ETH)
Private Key: 0xde9be858da4a475276426320d5e9262ecfc3ba460bfac56360bfa6c4c28b4ee0

Account #19: 0x8626f6940e2eb28930efb4cef49b2d1f2c9c1199 (10000 ETH)
Private Key: 0xdf57089febbacf7ba0bc227dafbffa9fc08a93fdc68e1e42411a14efcf23656e

WARNING: Funds sent on live network to accounts with publicly known private keys WILL BE LOST.

[32meth_chainId[0m
[32meth_chainId (2)[0m
[32mhardhat_metadata[0m
[32meth_accounts[0m
[32meth_chainId[0m
[32meth_getBlockByNumber[0m
[32meth_feeHistory[0m
[32meth_maxPriorityFeePerGas[0m
[32meth_estimateGas[0m
[32meth_sendTransaction[0m
  Contract deployment: RMBC
  Contract address:    0x5fbdb2315678afecb367f032d93f642f64180aa3
  Transaction:         0x286d43bab225105e3fdca54e487946e1a31add8fb658d30bff2b9b40d30bf0f3
  From:                0xf39fd6e51aad88f6f4ce6ab8827279cfffb92266
  Value:               0 ETH
  Gas used:            1513781 of 1513781
  Block #1:            0xf4d5982af4ed9aef8ac7f75133673769da92975291bea6c170130b6fd1a4c90b

[32meth_getTransactionReceipt[0m
[32meth_accounts[0m
[32meth_call[0m
  Contract call:       RMBC#decimals
  From:                0xf39fd6e51aad88f6f4ce6ab8827279cfffb92266
  To:                  0x5fbdb2315678afecb367f032d93f642f64180aa3

[32meth_chainId[0m
[32meth_chainId (2)[0m
[31meth_fillTransaction - Method not supported[0m
[32meth_getTransactionCount[0m
[32meth_getBlockByNumber[0m
[32meth_maxPriorityFeePerGas[0m
[32meth_estimateGas[0m
[32meth_sendRawTransaction[0m
  Contract call:       RMBC#configureMinter
  Transaction:         0x42fd75af42a0cd571a59346e74dd2ce8dea7410274b08ed98e4fe4081c96a730
  From:                0xf39fd6e51aad88f6f4ce6ab8827279cfffb92266
  To:                  0x5fbdb2315678afecb367f032d93f642f64180aa3
  Value:               0 ETH
  Gas used:            72174 of 72174
  Block #2:            0x39c5fbc757bc4f5762a0085c6240d702c4db146bcab6ff737ddf8417fd9b858d

[32meth_getTransactionReceipt[0m
[32meth_getTransactionCount[0m
[32meth_getBlockByNumber[0m
[32meth_maxPriorityFeePerGas[0m
[32meth_estimateGas[0m
[32meth_sendRawTransaction[0m
  Contract call:       RMBC#mint
  Transaction:         0x73d968d149807d78397b70dd849c69d8e9b1222967674096faf12823ecfdb207
  From:                0xf39fd6e51aad88f6f4ce6ab8827279cfffb92266
  To:                  0x5fbdb2315678afecb367f032d93f642f64180aa3
  Value:               0 ETH
  Gas used:            77666 of 82520
  Block #3:            0x8fe0754ab4569879a321fdaa3825619e176b5b3a2794727328e795965f6ee35b

[32meth_getTransactionReceipt[0m
[32meth_call[0m
  Contract call:       RMBC#balanceOf
  From:                0xf39fd6e51aad88f6f4ce6ab8827279cfffb92266
  To:                  0x5fbdb2315678afecb367f032d93f642f64180aa3

[31meth_fillTransaction - Method not supported[0m
[32meth_getTransactionCount[0m
[32meth_getBlockByNumber[0m
[32meth_maxPriorityFeePerGas[0m
[32meth_estimateGas[0m
[32meth_sendRawTransaction[0m
  Transaction:         0x207382dbb658bc26b85c8b0019aebd51047e96b83a0a04619cd4a37400b9e42e
  From:                0xf39fd6e51aad88f6f4ce6ab8827279cfffb92266
  To:                  0x25aca47331aff3928a9e5756750b4e8000eec66f
  Value:               1. ETH
  Gas used:            21000 of 21001
  Block #4:            0xa2837435b9cb986c6bfcacd9b3898f8cb0f2c40aa2688737a77432ac0403e152

[32meth_getTransactionReceipt[0m
[32meth_getBalance[0m
[32meth_chainId[0m
[32meth_chainId (2)[0m
[32meth_chainId (3)[0m
[32meth_blockNumber[0m
[32meth_getBalance[0m
[32meth_getBlockByNumber[0m
[32mnet_version[0m
[32meth_blockNumber[0m
[32meth_blockNumber (2)[0m
[31meth_call[0m
  Contract call:       RMBC#<unrecognized-selector>
  From:                0xf39fd6e51aad88f6f4ce6ab8827279cfffb92266
  To:                  0x5fbdb2315678afecb367f032d93f642f64180aa3

  Error: Transaction reverted without a reason

[32meth_getCode[0m
[31meth_call[0m
  Contract call:       RMBC#<unrecognized-selector>
  From:                0xf39fd6e51aad88f6f4ce6ab8827279cfffb92266
  To:                  0x5fbdb2315678afecb367f032d93f642f64180aa3

  Error: Transaction reverted without a reason

[32meth_call[0m
  Contract call:       RMBC#symbol
  From:                0xf39fd6e51aad88f6f4ce6ab8827279cfffb92266
  To:                  0x5fbdb2315678afecb367f032d93f642f64180aa3

[32meth_call[0m
  Contract call:       RMBC#balanceOf
  From:                0xf39fd6e51aad88f6f4ce6ab8827279cfffb92266
  To:                  0x5fbdb2315678afecb367f032d93f642f64180aa3

[32meth_call[0m
  Contract call:       RMBC#decimals
  From:                0xf39fd6e51aad88f6f4ce6ab8827279cfffb92266
  To:                  0x5fbdb2315678afecb367f032d93f642f64180aa3

[32meth_call[0m
  Contract call:       RMBC#name
  From:                0xf39fd6e51aad88f6f4ce6ab8827279cfffb92266
  To:                  0x5fbdb2315678afecb367f032d93f642f64180aa3

[32meth_blockNumber[0m
[31meth_call[0m
  Contract deployment: <UnrecognizedContract>
  Contract address:    0xdc64a140aa3e981100a9beca4e685f962f0cf6c9
  From:                0xf39fd6e51aad88f6f4ce6ab8827279cfffb92266

  TransactionExecutionError: StackOverflow

[32meth_blockNumber[0m
[31meth_call[0m
  Contract call:       RMBC#<unrecognized-selector>
  From:                0xf39fd6e51aad88f6f4ce6ab8827279cfffb92266
  To:                  0x5fbdb2315678afecb367f032d93f642f64180aa3

  Error: Transaction reverted without a reason

[31meth_call[0m
  Contract call:       RMBC#<unrecognized-selector>
  From:                0xf39fd6e51aad88f6f4ce6ab8827279cfffb92266
  To:                  0x5fbdb2315678afecb367f032d93f642f64180aa3

  Error: Transaction reverted without a reason

[32meth_blockNumber[0m
[32meth_blockNumber (2)[0m
[32meth_blockNumber (3)[0m
[32meth_blockNumber (4)[0m
[32meth_chainId[0m
[31meth_fillTransaction - Method not supported[0m
[32meth_getTransactionCount[0m
[32meth_getBlockByNumber[0m
[32meth_maxPriorityFeePerGas[0m
[32meth_estimateGas[0m
[32meth_sendRawTransaction[0m
  Contract call:       RMBC#configureMinter
  Transaction:         0xfdfc1c25c57d08e8891e003a33d0fb38fc2682b5c2636722cfcf78e56ac6e74a
  From:                0xf39fd6e51aad88f6f4ce6ab8827279cfffb92266
  To:                  0x5fbdb2315678afecb367f032d93f642f64180aa3
  Value:               0 ETH
  Gas used:            52274 of 52274
  Block #5:            0x97e74b72cedcda13a358ba130c01f6dd1d7866b6b9428a4e4d88fc9b8a88b56c

[32meth_getTransactionReceipt[0m
[32meth_getTransactionCount[0m
[32meth_getBlockByNumber[0m
[32meth_maxPriorityFeePerGas[0m
[32meth_estimateGas[0m
[32meth_sendRawTransaction[0m
  Contract call:       RMBC#mint
  Transaction:         0x2bc21cdf802626f3640c23d9990739fc2d2a387dbfd23e69152e433439809466
  From:                0xf39fd6e51aad88f6f4ce6ab8827279cfffb92266
  To:                  0x5fbdb2315678afecb367f032d93f642f64180aa3
  Value:               0 ETH
  Gas used:            60578 of 65784
  Block #6:            0x277597af7e48742310a5f7fd10ad643c3c3e6c5abee9fa92467f70a4702ca15f

[32meth_getTransactionReceipt[0m
[32meth_getTransactionCount[0m
[32meth_getBlockByNumber[0m
[32meth_maxPriorityFeePerGas[0m
[32meth_estimateGas[0m
[32meth_sendRawTransaction[0m
  Transaction:         0x0fc39c5fb250abafe5984b52baca5c6521b9faeb53ae6d3e913a16ac53d93071
  From:                0xf39fd6e51aad88f6f4ce6ab8827279cfffb92266
  To:                  0x25fdf4dc0ca862d2fbe8cac55e620ee609a7dde4
  Value:               1. ETH
  Gas used:            21000 of 21001
  Block #7:            0x1f4955731c0ff28596aedae3f7c2a102e37eb9bb1d645e2e14a9984a5c20928f

[32meth_getTransactionReceipt[0m
[32meth_call[0m
  Contract call:       RMBC#balanceOf
  From:                0xf39fd6e51aad88f6f4ce6ab8827279cfffb92266
  To:                  0x5fbdb2315678afecb367f032d93f642f64180aa3

[32meth_getBalance[0m
[32meth_blockNumber[0m
[32meth_call[0m
  Contract call:       RMBC#balanceOf
  From:                0xf39fd6e51aad88f6f4ce6ab8827279cfffb92266
  To:                  0x5fbdb2315678afecb367f032d93f642f64180aa3

[32meth_getBalance[0m
[32meth_blockNumber[0m
[32meth_getBalance[0m
[32meth_blockNumber[0m
[32meth_blockNumber (2)[0m
[32meth_blockNumber (3)[0m
[32meth_getBlockByNumber[0m
[31meth_call[0m
  Contract call:       RMBC#<unrecognized-selector>
  From:                0xf39fd6e51aad88f6f4ce6ab8827279cfffb92266
  To:                  0x5fbdb2315678afecb367f032d93f642f64180aa3

  Error: Transaction reverted without a reason

[31meth_call[0m
  Contract call:       RMBC#<unrecognized-selector>
  From:                0xf39fd6e51aad88f6f4ce6ab8827279cfffb92266
  To:                  0x5fbdb2315678afecb367f032d93f642f64180aa3

  Error: Transaction reverted without a reason

[32meth_getCode[0m
[32meth_call[0m
  Contract call:       RMBC#symbol
  From:                0xf39fd6e51aad88f6f4ce6ab8827279cfffb92266
  To:                  0x5fbdb2315678afecb367f032d93f642f64180aa3

[32meth_call[0m
  Contract call:       RMBC#decimals
  From:                0xf39fd6e51aad88f6f4ce6ab8827279cfffb92266
  To:                  0x5fbdb2315678afecb367f032d93f642f64180aa3

[32meth_call[0m
  Contract call:       RMBC#balanceOf
  From:                0xf39fd6e51aad88f6f4ce6ab8827279cfffb92266
  To:                  0x5fbdb2315678afecb367f032d93f642f64180aa3

[32meth_call[0m
  Contract call:       RMBC#name
  From:                0xf39fd6e51aad88f6f4ce6ab8827279cfffb92266
  To:                  0x5fbdb2315678afecb367f032d93f642f64180aa3

[31meth_call[0m
  Contract deployment: <UnrecognizedContract>
  Contract address:    0xa513e6e4b8f2a923d98304ec87f64353c4d5c853
  From:                0xf39fd6e51aad88f6f4ce6ab8827279cfffb92266

  TransactionExecutionError: StackOverflow

[32meth_blockNumber[0m
[31meth_call[0m
  Contract call:       RMBC#<unrecognized-selector>
  From:                0xf39fd6e51aad88f6f4ce6ab8827279cfffb92266
  To:                  0x5fbdb2315678afecb367f032d93f642f64180aa3

  Error: Transaction reverted without a reason

[31meth_call[0m
  Contract call:       RMBC#<unrecognized-selector>
  From:                0xf39fd6e51aad88f6f4ce6ab8827279cfffb92266
  To:                  0x5fbdb2315678afecb367f032d93f642f64180aa3

  Error: Transaction reverted without a reason

[32meth_blockNumber[0m
[32meth_blockNumber (2)[0m
[32meth_chainId[0m
[32meth_blockNumber[0m
[32meth_call[0m
  Contract call:       RMBC#balanceOf
  From:                0xf39fd6e51aad88f6f4ce6ab8827279cfffb92266
  To:                  0x5fbdb2315678afecb367f032d93f642f64180aa3

[32meth_call[0m
  Contract call:       RMBC#balanceOf
  From:                0xf39fd6e51aad88f6f4ce6ab8827279cfffb92266
  To:                  0x5fbdb2315678afecb367f032d93f642f64180aa3

[31meth_fillTransaction - Method not supported[0m
[32meth_getTransactionCount[0m
[32meth_getBlockByNumber[0m
[32meth_maxPriorityFeePerGas[0m
[32meth_estimateGas[0m
[32meth_sendRawTransaction[0m
  Contract call:       RMBC#transfer
  Transaction:         0xf15adb7bb55f12682f3ae3f2249512defb383ffc7be32064ba2561423efe65c3
  From:                0x25fdf4dc0ca862d2fbe8cac55e620ee609a7dde4
  To:                  0x5fbdb2315678afecb367f032d93f642f64180aa3
  Value:               0 ETH
  Gas used:            41014 of 41014
  Block #8:            0x976ce358df7b214e421a6a5b7760dfe80eb61f92eaf64d8934e9998a79c61263

[32meth_getTransactionReceipt[0m
[32meth_call[0m
  Contract call:       RMBC#balanceOf
  From:                0xf39fd6e51aad88f6f4ce6ab8827279cfffb92266
  To:                  0x5fbdb2315678afecb367f032d93f642f64180aa3

[32meth_call[0m
  Contract call:       RMBC#balanceOf
  From:                0xf39fd6e51aad88f6f4ce6ab8827279cfffb92266
  To:                  0x5fbdb2315678afecb367f032d93f642f64180aa3

[32meth_blockNumber[0m
[32meth_call[0m
  Contract call:       RMBC#balanceOf
  From:                0xf39fd6e51aad88f6f4ce6ab8827279cfffb92266
  To:                  0x5fbdb2315678afecb367f032d93f642f64180aa3

[32meth_getBalance[0m
[32meth_blockNumber[0m
[32meth_blockNumber (2)[0m
[32meth_getBalance[0m
[32meth_getBlockByNumber[0m
[32meth_blockNumber[0m
[32meth_call[0m
  Contract call:       RMBC#balanceOf
  From:                0xf39fd6e51aad88f6f4ce6ab8827279cfffb92266
  To:                  0x5fbdb2315678afecb367f032d93f642f64180aa3

[32meth_blockNumber[0m
[32meth_blockNumber (2)[0m
[32meth_gasPrice[0m
[32meth_blockNumber[0m
[32meth_blockNumber (2)[0m
[32meth_blockNumber (3)[0m
[32meth_blockNumber (4)[0m
[32meth_blockNumber (5)[0m
[32meth_blockNumber (6)[0m
[32meth_blockNumber (7)[0m
[32meth_blockNumber (8)[0m
